20:24:13.178 [main] DEBUG org.testng.TestNG -suiteXmlPath: "/var/folders/tb/3zw8q04s17b2rk9zzckd93_40000gn/T/testng-eclipse-1801636339/testng-customsuite.xml"
20:24:13.480 [main] INFO  org.testng.internal.Utils -[Utils] MethodGroupsHelper.collectMethodsByGroup() took 0 ms.
20:24:13.484 [main] INFO  org.testng.internal.Utils -[Utils] MethodGroupsHelper.sortMethods() took 1 ms.
20:24:13.488 [main] INFO  org.testng.internal.Utils -[Utils] MethodGroupsHelper.collectMethodsByGroup() took 0 ms.
20:24:13.488 [main] INFO  org.testng.internal.Utils -[Utils] MethodGroupsHelper.sortMethods() took 0 ms.
20:24:13.491 [main] INFO  org.testng.internal.Utils -[Utils] MethodGroupsHelper.collectMethodsByGroup() took 0 ms.
20:24:13.491 [main] INFO  org.testng.internal.Utils -[Utils] MethodGroupsHelper.sortMethods() took 0 ms.
20:24:13.492 [main] INFO  org.testng.internal.Utils -[Utils] MethodGroupsHelper.collectMethodsByGroup() took 0 ms.
20:24:13.493 [main] INFO  org.testng.internal.Utils -[Utils] MethodGroupsHelper.sortMethods() took 0 ms.
20:24:13.505 [main] INFO  org.testng.internal.Utils -[Utils] MethodGroupsHelper.collectMethodsByGroup() took 7 ms.
20:24:13.518 [main] INFO  org.testng.internal.Utils -[Utils] MethodGroupsHelper.sortMethods() took 13 ms.
20:24:13.525 [main] INFO  org.testng.internal.Utils -[Utils] MethodGroupsHelper.collectMethodsByGroup() took 0 ms.
20:24:13.527 [main] INFO  org.testng.internal.Utils -[Utils] MethodGroupsHelper.sortMethods() took 1 ms.
20:24:13.529 [main] INFO  org.testng.internal.Utils -[Utils] MethodGroupsHelper.collectMethodsByGroup() took 0 ms.
20:24:13.529 [main] INFO  org.testng.internal.Utils -[Utils] MethodGroupsHelper.sortMethods() took 0 ms.
20:24:13.530 [main] INFO  org.testng.internal.Utils -[Utils] MethodGroupsHelper.collectMethodsByGroup() took 0 ms.
20:24:13.530 [main] INFO  org.testng.internal.Utils -[Utils] MethodGroupsHelper.sortMethods() took 0 ms.
20:24:13.533 [main] INFO  org.testng.internal.Utils -[Utils] MethodGroupsHelper.collectMethodsByGroup() took 0 ms.
20:24:13.533 [main] INFO  org.testng.internal.Utils -[Utils] MethodGroupsHelper.sortMethods() took 0 ms.
20:24:13.533 [main] INFO  org.testng.internal.Utils -[Utils] MethodGroupsHelper.collectMethodsByGroup() took 0 ms.
20:24:13.536 [main] INFO  org.testng.internal.Utils -[Utils] MethodGroupsHelper.sortMethods() took 0 ms.
20:24:13.538 [main] INFO  org.testng.internal.Utils -[Utils] MethodGroupsHelper.collectMethodsByGroup() took 0 ms.
20:24:13.538 [main] INFO  org.testng.internal.Utils -[Utils] MethodGroupsHelper.sortMethods() took 0 ms.
20:24:13.539 [main] INFO  org.testng.internal.Utils -[Utils] MethodGroupsHelper.collectMethodsByGroup() took 0 ms.
20:24:13.539 [main] INFO  org.testng.internal.Utils -[Utils] MethodGroupsHelper.sortMethods() took 0 ms.
20:24:13.541 [main] INFO  org.testng.internal.Utils -[Utils] MethodGroupsHelper.collectMethodsByGroup() took 1 ms.
20:24:13.542 [main] INFO  org.testng.internal.Utils -[Utils] MethodGroupsHelper.sortMethods() took 0 ms.
20:24:13.546 [main] INFO  org.testng.internal.Utils -[Utils] MethodGroupsHelper.collectMethodsByGroup() took 0 ms.
20:24:13.547 [main] INFO  org.testng.internal.Utils -[Utils] MethodGroupsHelper.sortMethods() took 0 ms.
20:24:13.547 [main] INFO  org.testng.internal.Utils -[Utils] MethodGroupsHelper.collectMethodsByGroup() took 0 ms.
20:24:13.547 [main] INFO  org.testng.internal.Utils -[Utils] MethodGroupsHelper.sortMethods() took 0 ms.
20:24:13.556 [main] INFO  org.testng.internal.Utils -[TestNG] Running:
  /private/var/folders/tb/3zw8q04s17b2rk9zzckd93_40000gn/T/testng-eclipse-1801636339/testng-customsuite.xml

20:24:13.576 [main] INFO  org.testng.internal.Utils -[Utils] DynamicGraphHelper.createDynamicGraph() took 4 ms.
20:24:23.939 [main] INFO  testCases.TC001_AccountRegistrationTest -***** starting TC001_AccountRegistrationtest   *****
20:24:23.978 [main] INFO  testCases.TC001_AccountRegistrationTest -***** clicked on my account link ******
20:24:24.955 [main] INFO  testCases.TC001_AccountRegistrationTest -**** clicked on register aplication ******
20:24:26.820 [main] INFO  testCases.TC001_AccountRegistrationTest -providing customer details......************
20:24:30.048 [main] INFO  testCases.TC001_AccountRegistrationTest -validating expected message
20:24:30.138 [main] ERROR testCases.TC001_AccountRegistrationTest -Test Failed
20:24:30.138 [main] DEBUG testCases.TC001_AccountRegistrationTest -debug logs
20:24:30.407 [main] INFO  org.testng.internal.Utils -[TestNG] Time taken by org.testng.reporters.jq.Main@359b650b: 52 ms
20:24:30.422 [main] INFO  org.testng.internal.Utils -[TestNG] Time taken by org.testng.reporters.FailedReporter@5cdf39b2: 14 ms
20:24:30.431 [main] INFO  org.testng.internal.Utils -[TestNG] Time taken by org.testng.reporters.XMLReporter@7144655b: 9 ms
20:24:30.440 [main] INFO  org.testng.internal.Utils -[TestNG] Time taken by org.testng.reporters.EmailableReporter2@26a4551a: 9 ms
20:24:30.446 [main] INFO  org.testng.internal.Utils -[TestNG] Time taken by org.testng.reporters.JUnitReportReporter@73ad4ecc: 6 ms
20:24:30.446 [main] INFO  org.testng.internal.Utils -[TestNG] Time taken by org.testng.internal.ExitCodeListener@69da0b12: 0 ms
22:41:04.576 [main] DEBUG org.testng.TestNG -suiteXmlPath: "/Users/EclipseProject/OpenCartv123/testng.xml"
22:49:51.379 [main] DEBUG org.testng.TestNG -suiteXmlPath: "/Users/EclipseProject/OpenCartv123/testng.xml"
22:49:51.883 [main] INFO  org.testng.internal.Utils -[TestNG] Running:
  /Users/EclipseProject/OpenCartv123/testng.xml

22:50:22.814 [TestNG-tests-1] INFO  testCases.TC001_AccountRegistrationTest -***** starting TC001_AccountRegistrationtest   *****
22:50:22.881 [TestNG-tests-1] INFO  testCases.TC001_AccountRegistrationTest -***** clicked on my account link ******
22:50:23.823 [TestNG-tests-1] INFO  testCases.TC001_AccountRegistrationTest -**** clicked on register aplication ******
22:50:25.919 [TestNG-tests-1] INFO  testCases.TC001_AccountRegistrationTest -providing customer details......************
22:50:34.722 [TestNG-tests-1] INFO  testCases.TC001_AccountRegistrationTest -validating expected message
22:50:34.820 [TestNG-tests-1] ERROR testCases.TC001_AccountRegistrationTest -Test Failed
22:50:34.820 [TestNG-tests-1] DEBUG testCases.TC001_AccountRegistrationTest -debug logs
22:51:07.759 [main] DEBUG org.testng.TestNG -suiteXmlPath: "/Users/EclipseProject/OpenCartv123/testng.xml"
22:51:08.282 [main] INFO  org.testng.internal.Utils -[TestNG] Running:
  /Users/EclipseProject/OpenCartv123/testng.xml

22:51:33.168 [TestNG-tests-3] INFO  testCases.TC001_AccountRegistrationTest -***** starting TC001_AccountRegistrationtest   *****
22:51:33.239 [TestNG-tests-3] INFO  testCases.TC001_AccountRegistrationTest -***** clicked on my account link ******
22:51:33.676 [TestNG-tests-3] INFO  testCases.TC001_AccountRegistrationTest -***** starting TC001_AccountRegistrationtest   *****
22:51:33.873 [TestNG-tests-3] INFO  testCases.TC001_AccountRegistrationTest -***** clicked on my account link ******
22:51:36.148 [TestNG-tests-1] INFO  testCases.TC001_AccountRegistrationTest -***** starting TC001_AccountRegistrationtest   *****
22:51:36.153 [TestNG-tests-1] INFO  testCases.TC001_AccountRegistrationTest -***** clicked on my account link ******
22:51:36.945 [TestNG-tests-3] INFO  testCases.TC001_AccountRegistrationTest -**** clicked on register aplication ******
22:51:37.356 [TestNG-tests-3] INFO  testCases.TC001_AccountRegistrationTest -**** clicked on register aplication ******
22:51:41.643 [TestNG-tests-3] INFO  testCases.TC001_AccountRegistrationTest -providing customer details......************
22:51:42.242 [TestNG-tests-3] INFO  testCases.TC001_AccountRegistrationTest -providing customer details......************
22:51:48.111 [TestNG-tests-3] INFO  testCases.TC001_AccountRegistrationTest -validating expected message
22:51:48.338 [TestNG-tests-3] ERROR testCases.TC001_AccountRegistrationTest -Test Failed
22:51:48.339 [TestNG-tests-3] DEBUG testCases.TC001_AccountRegistrationTest -debug logs
22:51:48.870 [TestNG-tests-3] INFO  testCases.TC001_AccountRegistrationTest -validating expected message
22:51:49.053 [TestNG-tests-3] ERROR testCases.TC001_AccountRegistrationTest -Test Failed
22:51:49.054 [TestNG-tests-3] DEBUG testCases.TC001_AccountRegistrationTest -debug logs
23:22:49.338 [main] DEBUG org.testng.TestNG -suiteXmlPath: "/Users/EclipseProject/OpenCartv123/testng.xml"
23:22:49.835 [main] INFO  org.testng.internal.Utils -[TestNG] Running:
  /Users/EclipseProject/OpenCartv123/testng.xml

23:24:17.420 [main] DEBUG org.testng.TestNG -suiteXmlPath: "/Users/EclipseProject/OpenCartv123/testng.xml"
23:24:17.923 [main] INFO  org.testng.internal.Utils -[TestNG] Running:
  /Users/EclipseProject/OpenCartv123/testng.xml

23:26:22.483 [main] DEBUG org.testng.TestNG -suiteXmlPath: "/Users/EclipseProject/OpenCartv123/testng.xml"
23:26:22.960 [main] INFO  org.testng.internal.Utils -[TestNG] Running:
  /Users/EclipseProject/OpenCartv123/testng.xml

23:26:40.500 [TestNG-tests-3] INFO  testCases.TC001_AccountRegistrationTest -***** starting TC001_AccountRegistrationtest   *****
23:26:40.590 [TestNG-tests-3] INFO  testCases.TC001_AccountRegistrationTest -***** clicked on my account link ******
23:26:42.062 [TestNG-tests-1] INFO  testCases.TC001_AccountRegistrationTest -***** starting TC001_AccountRegistrationtest   *****
23:26:42.066 [TestNG-tests-1] INFO  testCases.TC001_AccountRegistrationTest -***** clicked on my account link ******
23:26:42.100 [TestNG-tests-3] INFO  testCases.TC001_AccountRegistrationTest -**** clicked on register aplication ******
23:26:44.144 [TestNG-tests-1] INFO  testCases.TC001_AccountRegistrationTest -**** clicked on register aplication ******
23:26:45.927 [TestNG-tests-3] INFO  testCases.TC001_AccountRegistrationTest -providing customer details......************
23:26:48.034 [TestNG-tests-1] INFO  testCases.TC001_AccountRegistrationTest -providing customer details......************
23:26:50.070 [TestNG-tests-3] INFO  testCases.TC001_AccountRegistrationTest -validating expected message
23:26:50.226 [TestNG-tests-3] ERROR testCases.TC001_AccountRegistrationTest -Test Failed
23:26:50.227 [TestNG-tests-3] DEBUG testCases.TC001_AccountRegistrationTest -debug logs
23:26:57.886 [TestNG-tests-1] INFO  testCases.TC001_AccountRegistrationTest -validating expected message
23:26:57.979 [TestNG-tests-1] ERROR testCases.TC001_AccountRegistrationTest -Test Failed
23:26:57.979 [TestNG-tests-1] DEBUG testCases.TC001_AccountRegistrationTest -debug logs
23:30:24.487 [main] DEBUG org.testng.TestNG -suiteXmlPath: "/Users/EclipseProject/OpenCartv123/testng.xml"
23:30:24.983 [main] INFO  org.testng.internal.Utils -[TestNG] Running:
  /Users/EclipseProject/OpenCartv123/testng.xml

23:30:43.317 [TestNG-tests-2] INFO  testCases.TC001_AccountRegistrationTest -***** starting TC001_AccountRegistrationtest   *****
23:30:43.482 [TestNG-tests-2] INFO  testCases.TC001_AccountRegistrationTest -***** clicked on my account link ******
23:30:45.616 [TestNG-tests-3] INFO  testCases.TC001_AccountRegistrationTest -***** starting TC001_AccountRegistrationtest   *****
23:30:45.617 [TestNG-tests-3] INFO  testCases.TC001_AccountRegistrationTest -***** clicked on my account link ******
23:30:46.316 [TestNG-tests-1] INFO  testCases.TC001_AccountRegistrationTest -***** starting TC001_AccountRegistrationtest   *****
23:30:46.317 [TestNG-tests-1] INFO  testCases.TC001_AccountRegistrationTest -***** clicked on my account link ******
23:30:46.680 [TestNG-tests-2] INFO  testCases.TC001_AccountRegistrationTest -**** clicked on register aplication ******
23:30:48.599 [TestNG-tests-3] INFO  testCases.TC001_AccountRegistrationTest -**** clicked on register aplication ******
23:30:48.786 [TestNG-tests-1] INFO  testCases.TC001_AccountRegistrationTest -**** clicked on register aplication ******
23:30:50.380 [TestNG-tests-2] INFO  testCases.TC001_AccountRegistrationTest -providing customer details......************
23:30:52.834 [TestNG-tests-1] INFO  testCases.TC001_AccountRegistrationTest -providing customer details......************
23:30:53.305 [TestNG-tests-3] INFO  testCases.TC001_AccountRegistrationTest -providing customer details......************
23:30:58.006 [TestNG-tests-2] INFO  testCases.TC001_AccountRegistrationTest -validating expected message
23:30:58.105 [TestNG-tests-2] ERROR testCases.TC001_AccountRegistrationTest -Test Failed
23:30:58.105 [TestNG-tests-2] DEBUG testCases.TC001_AccountRegistrationTest -debug logs
23:30:58.615 [TestNG-tests-1] INFO  testCases.TC001_AccountRegistrationTest -validating expected message
23:30:58.675 [TestNG-tests-3] INFO  testCases.TC001_AccountRegistrationTest -validating expected message
23:30:58.865 [TestNG-tests-3] ERROR testCases.TC001_AccountRegistrationTest -Test Failed
23:30:58.866 [TestNG-tests-3] DEBUG testCases.TC001_AccountRegistrationTest -debug logs
23:30:58.947 [TestNG-tests-1] ERROR testCases.TC001_AccountRegistrationTest -Test Failed
23:30:58.947 [TestNG-tests-1] DEBUG testCases.TC001_AccountRegistrationTest -debug logs
23:32:31.249 [main] DEBUG org.testng.TestNG -suiteXmlPath: "/Users/EclipseProject/OpenCartv123/testng.xml"
23:32:31.706 [main] INFO  org.testng.internal.Utils -[TestNG] Running:
  /Users/EclipseProject/OpenCartv123/testng.xml

23:32:48.897 [TestNG-tests-1] INFO  testCases.TC001_AccountRegistrationTest -***** starting TC001_AccountRegistrationtest   *****
23:32:48.952 [TestNG-tests-1] INFO  testCases.TC001_AccountRegistrationTest -***** clicked on my account link ******
23:32:50.049 [TestNG-tests-1] INFO  testCases.TC001_AccountRegistrationTest -**** clicked on register aplication ******
23:32:52.112 [TestNG-tests-1] INFO  testCases.TC001_AccountRegistrationTest -providing customer details......************
23:32:54.982 [TestNG-tests-1] INFO  testCases.TC001_AccountRegistrationTest -validating expected message
23:32:55.074 [TestNG-tests-1] ERROR testCases.TC001_AccountRegistrationTest -Test Failed
23:32:55.074 [TestNG-tests-1] DEBUG testCases.TC001_AccountRegistrationTest -debug logs
23:37:18.941 [main] DEBUG org.testng.TestNG -suiteXmlPath: "/Users/EclipseProject/OpenCartv123/testng.xml"
23:37:19.396 [main] INFO  org.testng.internal.Utils -[TestNG] Running:
  /Users/EclipseProject/OpenCartv123/testng.xml

23:37:37.026 [TestNG-tests-1] INFO  testCases.TC001_AccountRegistrationTest -***** starting TC001_AccountRegistrationtest   *****
23:37:37.089 [TestNG-tests-1] INFO  testCases.TC001_AccountRegistrationTest -***** clicked on my account link ******
23:37:38.050 [TestNG-tests-1] INFO  testCases.TC001_AccountRegistrationTest -**** clicked on register aplication ******
23:37:39.743 [TestNG-tests-1] INFO  testCases.TC001_AccountRegistrationTest -providing customer details......************
23:37:42.944 [TestNG-tests-1] INFO  testCases.TC001_AccountRegistrationTest -validating expected message
23:37:43.019 [TestNG-tests-1] INFO  testCases.TC001_AccountRegistrationTest -*******Finished TC001_AccountRegistrationtest   *****
23:41:14.415 [main] DEBUG org.testng.TestNG -suiteXmlPath: "/Users/EclipseProject/OpenCartv123/testng.xml"
23:41:14.858 [main] INFO  org.testng.internal.Utils -[TestNG] Running:
  /Users/EclipseProject/OpenCartv123/testng.xml

23:41:26.673 [TestNG-tests-2] INFO  testCases.TC001_AccountRegistrationTest -***** starting TC001_AccountRegistrationtest   *****
23:41:26.725 [TestNG-tests-2] INFO  testCases.TC001_AccountRegistrationTest -***** clicked on my account link ******
23:41:27.592 [TestNG-tests-2] INFO  testCases.TC001_AccountRegistrationTest -**** clicked on register aplication ******
23:41:29.727 [TestNG-tests-2] INFO  testCases.TC001_AccountRegistrationTest -providing customer details......************
23:41:33.292 [TestNG-tests-1] INFO  testCases.TC001_AccountRegistrationTest -***** starting TC001_AccountRegistrationtest   *****
23:41:33.294 [TestNG-tests-1] INFO  testCases.TC001_AccountRegistrationTest -***** clicked on my account link ******
23:41:33.753 [TestNG-tests-2] INFO  testCases.TC001_AccountRegistrationTest -validating expected message
23:41:33.877 [TestNG-tests-2] INFO  testCases.TC001_AccountRegistrationTest -*******Finished TC001_AccountRegistrationtest   *****
23:41:34.370 [TestNG-tests-1] INFO  testCases.TC001_AccountRegistrationTest -**** clicked on register aplication ******
23:41:36.103 [TestNG-tests-1] INFO  testCases.TC001_AccountRegistrationTest -providing customer details......************
23:41:38.812 [TestNG-tests-1] INFO  testCases.TC001_AccountRegistrationTest -validating expected message
23:41:38.907 [TestNG-tests-1] INFO  testCases.TC001_AccountRegistrationTest -*******Finished TC001_AccountRegistrationtest   *****
23:44:57.207 [main] DEBUG org.testng.TestNG -suiteXmlPath: "/Users/EclipseProject/OpenCartv123/testng.xml"
23:44:57.659 [main] INFO  org.testng.internal.Utils -[TestNG] Running:
  /Users/EclipseProject/OpenCartv123/testng.xml

23:45:14.071 [TestNG-tests-1] INFO  testCases.TC001_AccountRegistrationTest -***** starting TC001_AccountRegistrationtest   *****
23:45:14.127 [TestNG-tests-1] INFO  testCases.TC001_AccountRegistrationTest -***** clicked on my account link ******
23:45:15.162 [TestNG-tests-1] INFO  testCases.TC001_AccountRegistrationTest -**** clicked on register aplication ******
23:45:16.901 [TestNG-tests-1] INFO  testCases.TC001_AccountRegistrationTest -providing customer details......************
23:45:20.194 [TestNG-tests-1] INFO  testCases.TC001_AccountRegistrationTest -validating expected message
23:45:20.290 [TestNG-tests-1] INFO  testCases.TC001_AccountRegistrationTest -*******Finished TC001_AccountRegistrationtest   *****
23:50:03.943 [main] DEBUG org.testng.TestNG -suiteXmlPath: "/Users/EclipseProject/OpenCartv123/testng.xml"
23:50:04.352 [main] INFO  org.testng.internal.Utils -[TestNG] Running:
  /Users/EclipseProject/OpenCartv123/testng.xml

23:50:20.983 [main] INFO  testCases.TC001_AccountRegistrationTest -***** starting TC001_AccountRegistrationtest   *****
23:50:21.021 [main] INFO  testCases.TC001_AccountRegistrationTest -***** clicked on my account link ******
23:50:22.035 [main] INFO  testCases.TC001_AccountRegistrationTest -**** clicked on register aplication ******
23:50:24.391 [main] INFO  testCases.TC001_AccountRegistrationTest -providing customer details......************
23:50:29.895 [main] INFO  testCases.TC001_AccountRegistrationTest -validating expected message
23:50:29.985 [main] INFO  testCases.TC001_AccountRegistrationTest -*******Finished TC001_AccountRegistrationtest   *****
23:54:44.511 [main] DEBUG org.testng.TestNG -suiteXmlPath: "/var/folders/tb/3zw8q04s17b2rk9zzckd93_40000gn/T/testng-eclipse--1463508775/testng-customsuite.xml"
23:54:44.827 [main] INFO  org.testng.internal.Utils -[Utils] MethodGroupsHelper.collectMethodsByGroup() took 0 ms.
23:54:44.834 [main] INFO  org.testng.internal.Utils -[Utils] MethodGroupsHelper.sortMethods() took 3 ms.
23:54:44.836 [main] INFO  org.testng.internal.Utils -[Utils] MethodGroupsHelper.collectMethodsByGroup() took 0 ms.
23:54:44.836 [main] INFO  org.testng.internal.Utils -[Utils] MethodGroupsHelper.sortMethods() took 0 ms.
23:54:44.838 [main] INFO  org.testng.internal.Utils -[Utils] MethodGroupsHelper.collectMethodsByGroup() took 0 ms.
23:54:44.839 [main] INFO  org.testng.internal.Utils -[Utils] MethodGroupsHelper.sortMethods() took 0 ms.
23:54:44.842 [main] INFO  org.testng.internal.Utils -[Utils] MethodGroupsHelper.collectMethodsByGroup() took 0 ms.
23:54:44.842 [main] INFO  org.testng.internal.Utils -[Utils] MethodGroupsHelper.sortMethods() took 0 ms.
23:54:44.856 [main] INFO  org.testng.internal.Utils -[Utils] MethodGroupsHelper.collectMethodsByGroup() took 7 ms.
23:54:44.871 [main] INFO  org.testng.internal.Utils -[Utils] MethodGroupsHelper.sortMethods() took 14 ms.
23:54:44.881 [main] INFO  org.testng.internal.Utils -[Utils] MethodGroupsHelper.collectMethodsByGroup() took 0 ms.
23:54:44.882 [main] INFO  org.testng.internal.Utils -[Utils] MethodGroupsHelper.sortMethods() took 1 ms.
23:54:44.884 [main] INFO  org.testng.internal.Utils -[Utils] MethodGroupsHelper.collectMethodsByGroup() took 0 ms.
23:54:44.884 [main] INFO  org.testng.internal.Utils -[Utils] MethodGroupsHelper.sortMethods() took 0 ms.
23:54:44.884 [main] INFO  org.testng.internal.Utils -[Utils] MethodGroupsHelper.collectMethodsByGroup() took 0 ms.
23:54:44.884 [main] INFO  org.testng.internal.Utils -[Utils] MethodGroupsHelper.sortMethods() took 0 ms.
23:54:44.887 [main] INFO  org.testng.internal.Utils -[Utils] MethodGroupsHelper.collectMethodsByGroup() took 0 ms.
23:54:44.888 [main] INFO  org.testng.internal.Utils -[Utils] MethodGroupsHelper.sortMethods() took 0 ms.
23:54:44.889 [main] INFO  org.testng.internal.Utils -[Utils] MethodGroupsHelper.collectMethodsByGroup() took 0 ms.
23:54:44.890 [main] INFO  org.testng.internal.Utils -[Utils] MethodGroupsHelper.sortMethods() took 0 ms.
23:54:44.894 [main] INFO  org.testng.internal.Utils -[Utils] MethodGroupsHelper.collectMethodsByGroup() took 0 ms.
23:54:44.894 [main] INFO  org.testng.internal.Utils -[Utils] MethodGroupsHelper.sortMethods() took 0 ms.
23:54:44.894 [main] INFO  org.testng.internal.Utils -[Utils] MethodGroupsHelper.collectMethodsByGroup() took 0 ms.
23:54:44.895 [main] INFO  org.testng.internal.Utils -[Utils] MethodGroupsHelper.sortMethods() took 0 ms.
23:54:44.900 [main] INFO  org.testng.internal.Utils -[Utils] MethodGroupsHelper.collectMethodsByGroup() took 2 ms.
23:54:44.900 [main] INFO  org.testng.internal.Utils -[Utils] MethodGroupsHelper.sortMethods() took 0 ms.
23:54:44.903 [main] INFO  org.testng.internal.Utils -[Utils] MethodGroupsHelper.collectMethodsByGroup() took 0 ms.
23:54:44.903 [main] INFO  org.testng.internal.Utils -[Utils] MethodGroupsHelper.sortMethods() took 0 ms.
23:54:44.903 [main] INFO  org.testng.internal.Utils -[Utils] MethodGroupsHelper.collectMethodsByGroup() took 0 ms.
23:54:44.903 [main] INFO  org.testng.internal.Utils -[Utils] MethodGroupsHelper.sortMethods() took 0 ms.
23:54:44.913 [main] INFO  org.testng.internal.Utils -[TestNG] Running:
  /private/var/folders/tb/3zw8q04s17b2rk9zzckd93_40000gn/T/testng-eclipse--1463508775/testng-customsuite.xml

23:54:44.935 [main] INFO  org.testng.internal.Utils -[Utils] DynamicGraphHelper.createDynamicGraph() took 4 ms.
23:54:45.149 [main] INFO  org.testng.internal.Utils -[TestNG] Time taken by org.testng.reporters.jq.Main@76ba13c: 56 ms
23:54:45.161 [main] INFO  org.testng.internal.Utils -[TestNG] Time taken by org.testng.reporters.FailedReporter@5241cf67: 12 ms
23:54:45.178 [main] INFO  org.testng.internal.Utils -[TestNG] Time taken by org.testng.reporters.XMLReporter@64337702: 17 ms
23:54:45.188 [main] INFO  org.testng.internal.Utils -[TestNG] Time taken by org.testng.reporters.EmailableReporter2@4215838f: 8 ms
23:54:45.197 [main] INFO  org.testng.internal.Utils -[TestNG] Time taken by org.testng.reporters.JUnitReportReporter@6ffab045: 9 ms
23:54:45.197 [main] INFO  org.testng.internal.Utils -[TestNG] Time taken by org.testng.internal.ExitCodeListener@26fb628: 0 ms
23:55:02.763 [main] DEBUG org.testng.TestNG -suiteXmlPath: "/Users/EclipseProject/OpenCartv123/testng.xml"
23:55:03.173 [main] INFO  org.testng.internal.Utils -[TestNG] Running:
  /Users/EclipseProject/OpenCartv123/testng.xml

23:55:21.323 [main] INFO  testCases.TC001_AccountRegistrationTest -***** starting TC001_AccountRegistrationtest   *****
23:55:21.368 [main] INFO  testCases.TC001_AccountRegistrationTest -***** clicked on my account link ******
23:55:22.227 [main] INFO  testCases.TC001_AccountRegistrationTest -**** clicked on register aplication ******
23:55:24.283 [main] INFO  testCases.TC001_AccountRegistrationTest -providing customer details......************
23:55:27.462 [main] INFO  testCases.TC001_AccountRegistrationTest -validating expected message
23:55:27.560 [main] INFO  testCases.TC001_AccountRegistrationTest -*******Finished TC001_AccountRegistrationtest   *****
23:55:38.676 [main] INFO  testCases.TC001_AccountRegistrationTest -***** starting TC001_AccountRegistrationtest   *****
23:55:38.677 [main] INFO  testCases.TC001_AccountRegistrationTest -***** clicked on my account link ******
23:55:39.605 [main] INFO  testCases.TC001_AccountRegistrationTest -**** clicked on register aplication ******
23:55:41.452 [main] INFO  testCases.TC001_AccountRegistrationTest -providing customer details......************
23:55:45.010 [main] INFO  testCases.TC001_AccountRegistrationTest -validating expected message
23:55:45.097 [main] INFO  testCases.TC001_AccountRegistrationTest -*******Finished TC001_AccountRegistrationtest   *****
23:57:08.652 [main] DEBUG org.testng.TestNG -suiteXmlPath: "/Users/EclipseProject/OpenCartv123/testng.xml"
23:57:09.052 [main] INFO  org.testng.internal.Utils -[TestNG] Running:
  /Users/EclipseProject/OpenCartv123/testng.xml

23:57:26.585 [main] INFO  testCases.TC001_AccountRegistrationTest -***** starting TC001_AccountRegistrationtest   *****
23:57:26.626 [main] INFO  testCases.TC001_AccountRegistrationTest -***** clicked on my account link ******
23:57:27.626 [main] INFO  testCases.TC001_AccountRegistrationTest -**** clicked on register aplication ******
23:57:29.830 [main] INFO  testCases.TC001_AccountRegistrationTest -providing customer details......************
23:57:32.666 [main] INFO  testCases.TC001_AccountRegistrationTest -validating expected message
23:57:32.763 [main] INFO  testCases.TC001_AccountRegistrationTest -*******Finished TC001_AccountRegistrationtest   *****
23:57:47.865 [main] INFO  testCases.TC001_AccountRegistrationTest -***** starting TC001_AccountRegistrationtest   *****
23:57:47.867 [main] INFO  testCases.TC001_AccountRegistrationTest -***** clicked on my account link ******
23:57:48.905 [main] INFO  testCases.TC001_AccountRegistrationTest -**** clicked on register aplication ******
23:57:51.313 [main] INFO  testCases.TC001_AccountRegistrationTest -providing customer details......************
23:57:58.391 [main] INFO  testCases.TC001_AccountRegistrationTest -validating expected message
23:57:58.497 [main] INFO  testCases.TC001_AccountRegistrationTest -*******Finished TC001_AccountRegistrationtest   *****
00:30:36.869 [main] DEBUG org.testng.TestNG -suiteXmlPath: "/Users/EclipseProject/OpenCartv123/testng.xml"
00:30:37.282 [main] INFO  org.testng.internal.Utils -[TestNG] Running:
  /Users/EclipseProject/OpenCartv123/testng.xml

00:31:50.324 [main] INFO  testCases.TC001_AccountRegistrationTest -***** starting TC001_AccountRegistrationtest   *****
00:31:50.372 [main] INFO  testCases.TC001_AccountRegistrationTest -***** clicked on my account link ******
00:31:51.240 [main] INFO  testCases.TC001_AccountRegistrationTest -**** clicked on register aplication ******
00:31:53.706 [main] INFO  testCases.TC001_AccountRegistrationTest -providing customer details......************
00:32:00.341 [main] INFO  testCases.TC001_AccountRegistrationTest -validating expected message
00:32:00.448 [main] INFO  testCases.TC001_AccountRegistrationTest -*******Finished TC001_AccountRegistrationtest   *****
00:32:15.641 [main] INFO  testCases.TC001_AccountRegistrationTest -***** starting TC001_AccountRegistrationtest   *****
00:32:15.643 [main] INFO  testCases.TC001_AccountRegistrationTest -***** clicked on my account link ******
00:32:16.604 [main] INFO  testCases.TC001_AccountRegistrationTest -**** clicked on register aplication ******
00:32:18.645 [main] INFO  testCases.TC001_AccountRegistrationTest -providing customer details......************
00:32:27.085 [main] INFO  testCases.TC001_AccountRegistrationTest -validating expected message
00:32:27.107 [main] ERROR testCases.TC001_AccountRegistrationTest -Test Failed
00:32:27.107 [main] DEBUG testCases.TC001_AccountRegistrationTest -debug logs
00:36:04.488 [main] DEBUG org.testng.TestNG -suiteXmlPath: "/Users/EclipseProject/OpenCartv123/testng.xml"
00:36:04.888 [main] INFO  org.testng.internal.Utils -[TestNG] Running:
  /Users/EclipseProject/OpenCartv123/testng.xml

00:36:15.550 [main] INFO  testCases.TC001_AccountRegistrationTest -***** starting TC001_AccountRegistrationtest   *****
00:36:15.593 [main] INFO  testCases.TC001_AccountRegistrationTest -***** clicked on my account link ******
00:36:16.465 [main] INFO  testCases.TC001_AccountRegistrationTest -**** clicked on register aplication ******
00:36:18.336 [main] INFO  testCases.TC001_AccountRegistrationTest -providing customer details......************
00:36:21.290 [main] INFO  testCases.TC001_AccountRegistrationTest -validating expected message
00:36:21.380 [main] INFO  testCases.TC001_AccountRegistrationTest -*******Finished TC001_AccountRegistrationtest   *****
00:36:27.355 [main] INFO  testCases.TC001_AccountRegistrationTest -***** starting TC001_AccountRegistrationtest   *****
00:36:27.356 [main] INFO  testCases.TC001_AccountRegistrationTest -***** clicked on my account link ******
00:36:27.640 [main] INFO  testCases.TC001_AccountRegistrationTest -**** clicked on register aplication ******
00:36:27.965 [main] INFO  testCases.TC001_AccountRegistrationTest -providing customer details......************
00:36:33.707 [main] INFO  testCases.TC001_AccountRegistrationTest -validating expected message
00:36:34.335 [main] INFO  testCases.TC001_AccountRegistrationTest -*******Finished TC001_AccountRegistrationtest   *****
00:37:35.053 [main] DEBUG org.testng.TestNG -suiteXmlPath: "/Users/EclipseProject/OpenCartv123/testng.xml"
00:37:50.895 [main] DEBUG org.testng.TestNG -suiteXmlPath: "/Users/EclipseProject/OpenCartv123/testng.xml"
00:37:51.320 [main] INFO  org.testng.internal.Utils -[TestNG] Running:
  /Users/EclipseProject/OpenCartv123/testng.xml

00:38:01.812 [main] INFO  testCases.TC001_AccountRegistrationTest -***** starting TC001_AccountRegistrationtest   *****
00:38:01.849 [main] INFO  testCases.TC001_AccountRegistrationTest -***** clicked on my account link ******
00:38:02.762 [main] INFO  testCases.TC001_AccountRegistrationTest -**** clicked on register aplication ******
00:38:04.554 [main] INFO  testCases.TC001_AccountRegistrationTest -providing customer details......************
00:38:07.460 [main] INFO  testCases.TC001_AccountRegistrationTest -validating expected message
00:38:07.551 [main] INFO  testCases.TC001_AccountRegistrationTest -*******Finished TC001_AccountRegistrationtest   *****
00:38:13.426 [main] INFO  testCases.TC001_AccountRegistrationTest -***** starting TC001_AccountRegistrationtest   *****
00:38:13.427 [main] INFO  testCases.TC001_AccountRegistrationTest -***** clicked on my account link ******
00:38:13.723 [main] INFO  testCases.TC001_AccountRegistrationTest -**** clicked on register aplication ******
00:38:14.043 [main] INFO  testCases.TC001_AccountRegistrationTest -providing customer details......************
00:38:19.778 [main] INFO  testCases.TC001_AccountRegistrationTest -validating expected message
00:38:20.329 [main] INFO  testCases.TC001_AccountRegistrationTest -*******Finished TC001_AccountRegistrationtest   *****
00:39:35.640 [main] DEBUG org.testng.TestNG -suiteXmlPath: "/Users/EclipseProject/OpenCartv123/testng.xml"
00:39:36.065 [main] INFO  org.testng.internal.Utils -[TestNG] Running:
  /Users/EclipseProject/OpenCartv123/testng.xml

00:39:43.879 [TestNG-tests-2] INFO  testCases.TC001_AccountRegistrationTest -***** starting TC001_AccountRegistrationtest   *****
00:39:43.932 [TestNG-tests-2] INFO  testCases.TC001_AccountRegistrationTest -***** clicked on my account link ******
00:39:44.329 [TestNG-tests-2] INFO  testCases.TC001_AccountRegistrationTest -**** clicked on register aplication ******
00:39:44.771 [TestNG-tests-2] INFO  testCases.TC001_AccountRegistrationTest -providing customer details......************
00:39:46.254 [TestNG-tests-2] INFO  testCases.TC001_AccountRegistrationTest -validating expected message
00:39:46.289 [TestNG-tests-2] INFO  testCases.TC001_AccountRegistrationTest -*******Finished TC001_AccountRegistrationtest   *****
00:39:47.801 [TestNG-tests-1] INFO  testCases.TC001_AccountRegistrationTest -***** starting TC001_AccountRegistrationtest   *****
00:39:47.804 [TestNG-tests-1] INFO  testCases.TC001_AccountRegistrationTest -***** clicked on my account link ******
00:39:48.908 [TestNG-tests-1] INFO  testCases.TC001_AccountRegistrationTest -**** clicked on register aplication ******
00:39:50.893 [TestNG-tests-1] INFO  testCases.TC001_AccountRegistrationTest -providing customer details......************
00:39:58.605 [TestNG-tests-1] INFO  testCases.TC001_AccountRegistrationTest -validating expected message
00:39:58.696 [TestNG-tests-1] INFO  testCases.TC001_AccountRegistrationTest -*******Finished TC001_AccountRegistrationtest   *****
00:41:04.422 [main] DEBUG org.testng.TestNG -suiteXmlPath: "/Users/EclipseProject/OpenCartv123/testng.xml"
00:41:04.849 [main] INFO  org.testng.internal.Utils -[TestNG] Running:
  /Users/EclipseProject/OpenCartv123/testng.xml

00:41:12.483 [TestNG-tests-2] INFO  testCases.TC001_AccountRegistrationTest -***** starting TC001_AccountRegistrationtest   *****
00:41:12.543 [TestNG-tests-2] INFO  testCases.TC001_AccountRegistrationTest -***** clicked on my account link ******
00:41:12.848 [TestNG-tests-2] INFO  testCases.TC001_AccountRegistrationTest -**** clicked on register aplication ******
00:41:13.232 [TestNG-tests-2] INFO  testCases.TC001_AccountRegistrationTest -providing customer details......************
00:41:14.461 [TestNG-tests-2] INFO  testCases.TC001_AccountRegistrationTest -validating expected message
00:41:14.501 [TestNG-tests-2] INFO  testCases.TC001_AccountRegistrationTest -*******Finished TC001_AccountRegistrationtest   *****
00:41:15.377 [TestNG-tests-1] INFO  testCases.TC001_AccountRegistrationTest -***** starting TC001_AccountRegistrationtest   *****
00:41:15.378 [TestNG-tests-1] INFO  testCases.TC001_AccountRegistrationTest -***** clicked on my account link ******
00:41:16.425 [TestNG-tests-1] INFO  testCases.TC001_AccountRegistrationTest -**** clicked on register aplication ******
00:41:18.231 [TestNG-tests-1] INFO  testCases.TC001_AccountRegistrationTest -providing customer details......************
00:41:21.067 [TestNG-tests-1] INFO  testCases.TC001_AccountRegistrationTest -validating expected message
00:41:21.150 [TestNG-tests-1] INFO  testCases.TC001_AccountRegistrationTest -*******Finished TC001_AccountRegistrationtest   *****
00:42:55.268 [main] DEBUG org.testng.TestNG -suiteXmlPath: "/Users/EclipseProject/OpenCartv123/testng.xml"
00:42:55.662 [main] INFO  org.testng.internal.Utils -[TestNG] Running:
  /Users/EclipseProject/OpenCartv123/testng.xml

00:43:06.097 [main] INFO  testCases.TC001_AccountRegistrationTest -***** starting TC001_AccountRegistrationtest   *****
00:43:06.133 [main] INFO  testCases.TC001_AccountRegistrationTest -***** clicked on my account link ******
00:43:07.077 [main] INFO  testCases.TC001_AccountRegistrationTest -**** clicked on register aplication ******
00:43:08.876 [main] INFO  testCases.TC001_AccountRegistrationTest -providing customer details......************
00:43:12.227 [main] INFO  testCases.TC001_AccountRegistrationTest -validating expected message
00:43:12.305 [main] INFO  testCases.TC001_AccountRegistrationTest -*******Finished TC001_AccountRegistrationtest   *****
